/home/hmenn/Github/GTU_CSE244_SystemProgrammingHW_2016/hw2_grepFromDirectory/Dir/s.txt
1. Row: 1 Column: 7
2. Row: 2 Column: 5
3. Row: 3 Column: 4
4. Row: 5 Column: 1
/home/hmenn/Github/GTU_CSE244_SystemProgrammingHW_2016/hw2_grepFromDirectory/Dir/t.txt
1. Row: 1 Column: 7
2. Row: 2 Column: 5
3. Row: 3 Column: 4
4. Row: 5 Column: 1
/home/hmenn/Github/GTU_CSE244_SystemProgrammingHW_2016/hw2_grepFromDirectory/Dir/Dir1-2/sawords.txt
1. Row: 1 Column: 7
2. Row: 2 Column: 5
3. Row: 3 Column: 4
4. Row: 5 Column: 1
/home/hmenn/Github/GTU_CSE244_SystemProgrammingHW_2016/hw2_grepFromDirectory/Dir/Dir1-2/awords.txt
1. Row: 1 Column: 7
2. Row: 2 Column: 5
3. Row: 3 Column: 4
4. Row: 5 Column: 1
/home/hmenn/Github/GTU_CSE244_SystemProgrammingHW_2016/hw2_grepFromDirectory/Dir/Dir1-1/cwords.txt
1. Row: 1 Column: 7
2. Row: 2 Column: 5
3. Row: 3 Column: 4
4. Row: 5 Column: 1
/home/hmenn/Github/GTU_CSE244_SystemProgrammingHW_2016/hw2_grepFromDirectory/Dir/Dir1-1/Dir1-1-2/bwords.txt
1. Row: 1 Column: 7
2. Row: 2 Column: 5
3. Row: 3 Column: 4
4. Row: 5 Column: 1
/home/hmenn/Github/GTU_CSE244_SystemProgrammingHW_2016/hw2_grepFromDirectory/Dir/Dir1-1/Dir1-1-2/bwords2.txt
1. Row: 1 Column: 7
2. Row: 2 Column: 5
3. Row: 3 Column: 4
4. Row: 5 Column: 1
/home/hmenn/Github/GTU_CSE244_SystemProgrammingHW_2016/hw2_grepFromDirectory/Dir/Dir1-1/Dir1-1-1/awords2.txt
1. Row: 1 Column: 7
2. Row: 2 Column: 5
3. Row: 3 Column: 4
4. Row: 5 Column: 1
/home/hmenn/Github/GTU_CSE244_SystemProgrammingHW_2016/hw2_grepFromDirectory/Dir/Dir1-1/Dir1-1-1/awords3.txt
1. Row: 1 Column: 7
2. Row: 2 Column: 5
3. Row: 3 Column: 4
4. Row: 5 Column: 1
/home/hmenn/Github/GTU_CSE244_SystemProgrammingHW_2016/hw2_grepFromDirectory/Dir/Dir1-1/Dir1-1-1/awords.txt
1. Row: 1 Column: 7
2. Row: 2 Column: 5
3. Row: 3 Column: 4
4. Row: 5 Column: 1
