##### Search start for 'Lorem'. #####
## Path : hm/Dir1-1/lorem1s (copy).txt. ##
1 -> Row : 0 - Col : 353
2 -> Row : 74 - Col : 30
3 -> Row : 82 - Col : 672
4 -> Row : 112 - Col : 504
5 -> Row : 122 - Col : 357
6 -> Row : 150 - Col : 236
7 -> Row : 162 - Col : 37
8 -> Row : 212 - Col : 109
9 -> Row : 214 - Col : 393
10 -> Row : 220 - Col : 141
11 -> Row : 226 - Col : 155
12 -> Row : 228 - Col : 488
13 -> Row : 278 - Col : 0
14 -> Row : 298 - Col : 211
## Path Total : 14. ##
## Path : hm/Dir1-2/lorem1s (copy).txt. ##
1 -> Row : 0 - Col : 353
2 -> Row : 74 - Col : 30
3 -> Row : 82 - Col : 672
4 -> Row : 112 - Col : 504
5 -> Row : 122 - Col : 357
6 -> Row : 150 - Col : 236
7 -> Row : 162 - Col : 37
8 -> Row : 212 - Col : 109
9 -> Row : 214 - Col : 393
10 -> Row : 220 - Col : 141
11 -> Row : 226 - Col : 155
12 -> Row : 228 - Col : 488
13 -> Row : 278 - Col : 0
14 -> Row : 298 - Col : 211
## Path Total : 14. ##
## Path : hm/Dir1-1/lorem1s.txt. ##
1 -> Row : 0 - Col : 353
2 -> Row : 74 - Col : 30
3 -> Row : 82 - Col : 672
4 -> Row : 112 - Col : 504
5 -> Row : 122 - Col : 357
6 -> Row : 150 - Col : 236
7 -> Row : 162 - Col : 37
8 -> Row : 212 - Col : 109
9 -> Row : 214 - Col : 393
10 -> Row : 220 - Col : 141
11 -> Row : 226 - Col : 155
12 -> Row : 228 - Col : 488
13 -> Row : 278 - Col : 0
14 -> Row : 298 - Col : 211
## Path Total : 14. ##
## Path : hm/Dir1-2/lorem1s.txt. ##
1 -> Row : 0 - Col : 353
2 -> Row : 74 - Col : 30
3 -> Row : 82 - Col : 672
4 -> Row : 112 - Col : 504
5 -> Row : 122 - Col : 357
6 -> Row : 150 - Col : 236
7 -> Row : 162 - Col : 37
8 -> Row : 212 - Col : 109
9 -> Row : 214 - Col : 393
10 -> Row : 220 - Col : 141
11 -> Row : 226 - Col : 155
12 -> Row : 228 - Col : 488
13 -> Row : 278 - Col : 0
14 -> Row : 298 - Col : 211
## Path Total : 14. ##
## Path : hm/Dir1-1/lorem1s (another copy).txt. ##
1 -> Row : 0 - Col : 353
2 -> Row : 74 - Col : 30
3 -> Row : 82 - Col : 672
4 -> Row : 112 - Col : 504
5 -> Row : 122 - Col : 357
6 -> Row : 150 - Col : 236
7 -> Row : 162 - Col : 37
8 -> Row : 212 - Col : 109
9 -> Row : 214 - Col : 393
10 -> Row : 220 - Col : 141
11 -> Row : 226 - Col : 155
12 -> Row : 228 - Col : 488
13 -> Row : 278 - Col : 0
14 -> Row : 298 - Col : 211
## Path Total : 14. ##
## Path : hm/Dir1-2/lorem1s (another copy).txt. ##
1 -> Row : 0 - Col : 353
2 -> Row : 74 - Col : 30
3 -> Row : 82 - Col : 672
4 -> Row : 112 - Col : 504
5 -> Row : 122 - Col : 357
6 -> Row : 150 - Col : 236
7 -> Row : 162 - Col : 37
8 -> Row : 212 - Col : 109
9 -> Row : 214 - Col : 393
10 -> Row : 220 - Col : 141
11 -> Row : 226 - Col : 155
12 -> Row : 228 - Col : 488
13 -> Row : 278 - Col : 0
14 -> Row : 298 - Col : 211
## Path Total : 14. ##
## Path : hm/Dir1-1/Dir1-1-1/lorem1s (copy).txt. ##
1 -> Row : 0 - Col : 353
2 -> Row : 74 - Col : 30
3 -> Row : 82 - Col : 672
4 -> Row : 112 - Col : 504
5 -> Row : 122 - Col : 357
6 -> Row : 150 - Col : 236
7 -> Row : 162 - Col : 37
8 -> Row : 212 - Col : 109
9 -> Row : 214 - Col : 393
10 -> Row : 220 - Col : 141
11 -> Row : 226 - Col : 155
12 -> Row : 228 - Col : 488
13 -> Row : 278 - Col : 0
14 -> Row : 298 - Col : 211
## Path Total : 14. ##
## Path : hm/Dir1-1/Dir1-1-2/lorem1s (copy).txt. ##
1 -> Row : 0 - Col : 353
2 -> Row : 74 - Col : 30
3 -> Row : 82 - Col : 672
4 -> Row : 112 - Col : 504
5 -> Row : 122 - Col : 357
6 -> Row : 150 - Col : 236
7 -> Row : 162 - Col : 37
8 -> Row : 212 - Col : 109
9 -> Row : 214 - Col : 393
10 -> Row : 220 - Col : 141
11 -> Row : 226 - Col : 155
12 -> Row : 228 - Col : 488
13 -> Row : 278 - Col : 0
14 -> Row : 298 - Col : 211
## Path Total : 14. ##
## Path : hm/Dir1-1/Dir1-1-2/lorem1s (another copy).txt. ##
1 -> Row : 0 - Col : 353
2 -> Row : 74 - Col : 30
3 -> Row : 82 - Col : 672
4 -> Row : 112 - Col : 504
5 -> Row : 122 - Col : 357
6 -> Row : 150 - Col : 236
7 -> Row : 162 - Col : 37
8 -> Row : 212 - Col : 109
9 -> Row : 214 - Col : 393
10 -> Row : 220 - Col : 141
11 -> Row : 226 - Col : 155
12 -> Row : 228 - Col : 488
13 -> Row : 278 - Col : 0
14 -> Row : 298 - Col : 211
## Path Total : 14. ##
## Path : hm/Dir1-1/Dir1-1-1/lorem1s (another copy).txt. ##
1 -> Row : 0 - Col : 353
2 -> Row : 74 - Col : 30
3 -> Row : 82 - Col : 672
4 -> Row : 112 - Col : 504
5 -> Row : 122 - Col : 357
6 -> Row : 150 - Col : 236
7 -> Row : 162 - Col : 37
8 -> Row : 212 - Col : 109
9 -> Row : 214 - Col : 393
10 -> Row : 220 - Col : 141
11 -> Row : 226 - Col : 155
12 -> Row : 228 - Col : 488
13 -> Row : 278 - Col : 0
14 -> Row : 298 - Col : 211
## Path Total : 14. ##
## Path : hm/Dir1-1/Dir1-1-2/lorem1s.txt. ##
1 -> Row : 0 - Col : 353
2 -> Row : 74 - Col : 30
3 -> Row : 82 - Col : 672
4 -> Row : 112 - Col : 504
5 -> Row : 122 - Col : 357
6 -> Row : 150 - Col : 236
7 -> Row : 162 - Col : 37
8 -> Row : 212 - Col : 109
9 -> Row : 214 - Col : 393
10 -> Row : 220 - Col : 141
11 -> Row : 226 - Col : 155
12 -> Row : 228 - Col : 488
13 -> Row : 278 - Col : 0
14 -> Row : 298 - Col : 211
## Path Total : 14. ##
## Path : hm/Dir1-1/Dir1-1-1/lorem1s.txt. ##
1 -> Row : 0 - Col : 353
2 -> Row : 74 - Col : 30
3 -> Row : 82 - Col : 672
4 -> Row : 112 - Col : 504
5 -> Row : 122 - Col : 357
6 -> Row : 150 - Col : 236
7 -> Row : 162 - Col : 37
8 -> Row : 212 - Col : 109
9 -> Row : 214 - Col : 393
10 -> Row : 220 - Col : 141
11 -> Row : 226 - Col : 155
12 -> Row : 228 - Col : 488
13 -> Row : 278 - Col : 0
14 -> Row : 298 - Col : 211
## Path Total : 14. ##
## Path : hm/Dir1-1/Dir1-1-2/lorem1s (3rd copy).txt. ##
1 -> Row : 0 - Col : 353
2 -> Row : 74 - Col : 30
3 -> Row : 82 - Col : 672
4 -> Row : 112 - Col : 504
5 -> Row : 122 - Col : 357
6 -> Row : 150 - Col : 236
7 -> Row : 162 - Col : 37
8 -> Row : 212 - Col : 109
9 -> Row : 214 - Col : 393
10 -> Row : 220 - Col : 141
11 -> Row : 226 - Col : 155
12 -> Row : 228 - Col : 488
13 -> Row : 278 - Col : 0
14 -> Row : 298 - Col : 211
## Path Total : 14. ##
##### TOTAL OCCURENCE NUMBER : 182. #####
