Dir/Dir1-2/lorem1s (another copy).txt
1.6 428
2.6 559
3.8 117
4.8 591
5.18 326
6.18 449
7.24 2
8.24 377
9.28 211
10.30 323
11.36 131
12.40 30
13.56 600
14.62 204
15.64 262
16.68 680
17.82 153
18.84 127
19.86 224
20.94 49
21.94 427
22.94 617
23.110 299
24.114 125
25.120 108
26.120 309
27.122 316
28.124 476
29.128 388
30.138 112
31.148 161
32.150 174
33.170 223
34.170 562
35.174 53
36.174 118
37.184 66
38.186 247
39.190 87
40.196 625
41.198 407
42.200 579
43.206 276
44.206 439
45.216 208
46.220 523
47.222 546
48.228 375
49.240 287
50.246 313
51.250 370
52.250 689
53.252 38
54.254 230
55.254 265
56.258 38
57.260 333
58.278 637
59.280 173
60.288 101
61.298 570
Dir/Dir1-2/lorem1s.txt
1.6 428
2.6 559
3.8 117
4.8 591
5.18 326
6.18 449
7.24 2
8.24 377
9.28 211
10.30 323
11.36 131
12.40 30
13.56 600
14.62 204
15.64 262
16.68 680
17.82 153
18.84 127
19.86 224
20.94 49
21.94 427
22.94 617
23.110 299
24.114 125
25.120 108
26.120 309
27.122 316
28.124 476
29.128 388
30.138 112
31.148 161
32.150 174
33.170 223
34.170 562
35.174 53
36.174 118
37.184 66
38.186 247
39.190 87
40.196 625
41.198 407
42.200 579
43.206 276
44.206 439
45.216 208
46.220 523
47.222 546
48.228 375
49.240 287
50.246 313
51.250 370
52.250 689
53.252 38
54.254 230
55.254 265
56.258 38
57.260 333
58.278 637
59.280 173
60.288 101
61.298 570
Dir/Dir1-2/lorem1s (copy).txt
1.6 428
2.6 559
3.8 117
4.8 591
5.18 326
6.18 449
7.24 2
8.24 377
9.28 211
10.30 323
11.36 131
12.40 30
13.56 600
14.62 204
15.64 262
16.68 680
17.82 153
18.84 127
19.86 224
20.94 49
21.94 427
22.94 617
23.110 299
24.114 125
25.120 108
26.120 309
27.122 316
28.124 476
29.128 388
30.138 112
31.148 161
32.150 174
33.170 223
34.170 562
35.174 53
36.174 118
37.184 66
38.186 247
39.190 87
40.196 625
41.198 407
42.200 579
43.206 276
44.206 439
45.216 208
46.220 523
47.222 546
48.228 375
49.240 287
50.246 313
51.250 370
52.250 689
53.252 38
54.254 230
55.254 265
56.258 38
57.260 333
58.278 637
59.280 173
60.288 101
61.298 570
Dir/Dir1-1/lorem1s (copy).txt
1.6 428
2.6 559
3.8 117
4.8 591
5.18 326
6.18 449
7.24 2
8.24 377
9.28 211
10.30 323
11.36 131
12.40 30
13.56 600
14.62 204
15.64 262
16.68 680
17.82 153
18.84 127
19.86 224
20.94 49
21.94 427
22.94 617
23.110 299
24.114 125
25.120 108
26.120 309
27.122 316
28.124 476
29.128 388
30.138 112
31.148 161
32.150 174
33.170 223
34.170 562
35.174 53
36.174 118
37.184 66
38.186 247
39.190 87
40.196 625
41.198 407
42.200 579
43.206 276
44.206 439
45.216 208
46.220 523
47.222 546
48.228 375
49.240 287
50.246 313
51.250 370
52.250 689
53.252 38
54.254 230
55.254 265
56.258 38
57.260 333
58.278 637
59.280 173
60.288 101
61.298 570
Dir/Dir1-1/Dir1-1-1/lorem1s.txt
1.6 428
2.6 559
3.8 117
4.8 591
5.18 326
6.18 449
7.24 2
8.24 377
9.28 211
10.30 323
11.36 131
12.40 30
13.56 600
14.62 204
15.64 262
16.68 680
17.82 153
18.84 127
19.86 224
20.94 49
21.94 427
22.94 617
23.110 299
24.114 125
25.120 108
26.120 309
27.122 316
28.124 476
29.128 388
30.138 112
31.148 161
32.150 174
33.170 223
34.170 562
35.174 53
36.174 118
37.184 66
38.186 247
39.190 87
40.196 625
41.198 407
42.200 579
43.206 276
44.206 439
45.216 208
46.220 523
47.222 546
48.228 375
49.240 287
50.246 313
51.250 370
52.250 689
53.252 38
54.254 230
55.254 265
56.258 38
57.260 333
58.278 637
59.280 173
60.288 101
61.298 570
Dir/Dir1-1/Dir1-1-1/lorem1s (another copy).txt
1.6 428
2.6 559
3.8 117
4.8 591
5.18 326
6.18 449
7.24 2
8.24 377
9.28 211
10.30 323
11.36 131
12.40 30
13.56 600
14.62 204
15.64 262
16.68 680
17.82 153
18.84 127
19.86 224
20.94 49
21.94 427
22.94 617
23.110 299
24.114 125
25.120 108
26.120 309
27.122 316
28.124 476
29.128 388
30.138 112
31.148 161
32.150 174
33.170 223
34.170 562
35.174 53
36.174 118
37.184 66
38.186 247
39.190 87
40.196 625
41.198 407
42.200 579
43.206 276
44.206 439
45.216 208
46.220 523
47.222 546
48.228 375
49.240 287
50.246 313
51.250 370
52.250 689
53.252 38
54.254 230
55.254 265
56.258 38
57.260 333
58.278 637
59.280 173
60.288 101
61.298 570
Dir/Dir1-1/Dir1-1-1/lorem1s (copy).txt
1.6 428
2.6 559
3.8 117
4.8 591
5.18 326
6.18 449
7.24 2
8.24 377
9.28 211
10.30 323
11.36 131
12.40 30
13.56 600
14.62 204
15.64 262
16.68 680
17.82 153
18.84 127
19.86 224
20.94 49
21.94 427
22.94 617
23.110 299
24.114 125
25.120 108
26.120 309
27.122 316
28.124 476
29.128 388
30.138 112
31.148 161
32.150 174
33.170 223
34.170 562
35.174 53
36.174 118
37.184 66
38.186 247
39.190 87
40.196 625
41.198 407
42.200 579
43.206 276
44.206 439
45.216 208
46.220 523
47.222 546
48.228 375
49.240 287
50.246 313
51.250 370
52.250 689
53.252 38
54.254 230
55.254 265
56.258 38
57.260 333
58.278 637
59.280 173
60.288 101
61.298 570
Dir/Dir1-1/Dir1-1-2/lorem1s (copy).txt
1.6 428
2.6 559
3.8 117
4.8 591
5.18 326
6.18 449
7.24 2
8.24 377
9.28 211
10.30 323
11.36 131
12.40 30
13.56 600
14.62 204
15.64 262
16.68 680
17.82 153
18.84 127
19.86 224
20.94 49
21.94 427
22.94 617
23.110 299
24.114 125
25.120 108
26.120 309
27.122 316
28.124 476
29.128 388
30.138 112
31.148 161
32.150 174
33.170 223
34.170 562
35.174 53
36.174 118
37.184 66
38.186 247
39.190 87
40.196 625
41.198 407
42.200 579
43.206 276
44.206 439
45.216 208
46.220 523
47.222 546
48.228 375
49.240 287
50.246 313
51.250 370
52.250 689
53.252 38
54.254 230
55.254 265
56.258 38
57.260 333
58.278 637
59.280 173
60.288 101
61.298 570
Dir/Dir1-1/Dir1-1-2/lorem1s (3rd copy).txt
1.6 428
2.6 559
3.8 117
4.8 591
5.18 326
6.18 449
7.24 2
8.24 377
9.28 211
10.30 323
11.36 131
12.40 30
13.56 600
14.62 204
15.64 262
16.68 680
17.82 153
18.84 127
19.86 224
20.94 49
21.94 427
22.94 617
23.110 299
24.114 125
25.120 108
26.120 309
27.122 316
28.124 476
29.128 388
30.138 112
31.148 161
32.150 174
33.170 223
34.170 562
35.174 53
36.174 118
37.184 66
38.186 247
39.190 87
40.196 625
41.198 407
42.200 579
43.206 276
44.206 439
45.216 208
46.220 523
47.222 546
48.228 375
49.240 287
50.246 313
51.250 370
52.250 689
53.252 38
54.254 230
55.254 265
56.258 38
57.260 333
58.278 637
59.280 173
60.288 101
61.298 570
Dir/Dir1-1/Dir1-1-2/lorem1s (another copy).txt
1.6 428
2.6 559
3.8 117
4.8 591
5.18 326
6.18 449
7.24 2
8.24 377
9.28 211
10.30 323
11.36 131
12.40 30
13.56 600
14.62 204
15.64 262
16.68 680
17.82 153
18.84 127
19.86 224
20.94 49
21.94 427
22.94 617
23.110 299
24.114 125
25.120 108
26.120 309
27.122 316
28.124 476
29.128 388
30.138 112
31.148 161
32.150 174
33.170 223
34.170 562
35.174 53
36.174 118
37.184 66
38.186 247
39.190 87
40.196 625
41.198 407
42.200 579
43.206 276
44.206 439
45.216 208
46.220 523
47.222 546
48.228 375
49.240 287
50.246 313
51.250 370
52.250 689
53.252 38
54.254 230
55.254 265
56.258 38
57.260 333
58.278 637
59.280 173
60.288 101
61.298 570
Dir/Dir1-1/Dir1-1-2/lorem1s.txt
1.6 428
2.6 559
3.8 117
4.8 591
5.18 326
6.18 449
7.24 2
8.24 377
9.28 211
10.30 323
11.36 131
12.40 30
13.56 600
14.62 204
15.64 262
16.68 680
17.82 153
18.84 127
19.86 224
20.94 49
21.94 427
22.94 617
23.110 299
24.114 125
25.120 108
26.120 309
27.122 316
28.124 476
29.128 388
30.138 112
31.148 161
32.150 174
33.170 223
34.170 562
35.174 53
36.174 118
37.184 66
38.186 247
39.190 87
40.196 625
41.198 407
42.200 579
43.206 276
44.206 439
45.216 208
46.220 523
47.222 546
48.228 375
49.240 287
50.246 313
51.250 370
52.250 689
53.252 38
54.254 230
55.254 265
56.258 38
57.260 333
58.278 637
59.280 173
60.288 101
61.298 570
Dir/Dir1-1/lorem1s (another copy).txt
1.6 428
2.6 559
3.8 117
4.8 591
5.18 326
6.18 449
7.24 2
8.24 377
9.28 211
10.30 323
11.36 131
12.40 30
13.56 600
14.62 204
15.64 262
16.68 680
17.82 153
18.84 127
19.86 224
20.94 49
21.94 427
22.94 617
23.110 299
24.114 125
25.120 108
26.120 309
27.122 316
28.124 476
29.128 388
30.138 112
31.148 161
32.150 174
33.170 223
34.170 562
35.174 53
36.174 118
37.184 66
38.186 247
39.190 87
40.196 625
41.198 407
42.200 579
43.206 276
44.206 439
45.216 208
46.220 523
47.222 546
48.228 375
49.240 287
50.246 313
51.250 370
52.250 689
53.252 38
54.254 230
55.254 265
56.258 38
57.260 333
58.278 637
59.280 173
60.288 101
61.298 570
Dir/Dir1-1/lorem1s.txt
1.6 428
2.6 559
3.8 117
4.8 591
5.18 326
6.18 449
7.24 2
8.24 377
9.28 211
10.30 323
11.36 131
12.40 30
13.56 600
14.62 204
15.64 262
16.68 680
17.82 153
18.84 127
19.86 224
20.94 49
21.94 427
22.94 617
23.110 299
24.114 125
25.120 108
26.120 309
27.122 316
28.124 476
29.128 388
30.138 112
31.148 161
32.150 174
33.170 223
34.170 562
35.174 53
36.174 118
37.184 66
38.186 247
39.190 87
40.196 625
41.198 407
42.200 579
43.206 276
44.206 439
45.216 208
46.220 523
47.222 546
48.228 375
49.240 287
50.246 313
51.250 370
52.250 689
53.252 38
54.254 230
55.254 265
56.258 38
57.260 333
58.278 637
59.280 173
60.288 101
61.298 570
