SIGINT HANDLED FROM INTEGRALGEN
SIGINT HANDLED FROM INTEGRALGEN
SIGINT HANDLED FROM INTEGRALGEN
SIGINT HANDLED FROM INTEGRALGEN
SIGINT HANDLED
SIGINT HANDLED
SIGINT HANDLED
SIGINT HANDLED
SIGINT HANDLED
SIGINT HANDLED
SIGINT HANDLED
SIGINT HANDLED
SIGINT HANDLED
SIGINT HANDLED
SIGINT HANDLED
SIGINT HANDLED
SIGINT HANDLED
SIGINT HANDLED
SIGINT HANDLED
SIGINT HANDLED
SIGINT HANDLED
SIGINT HANDLED
SIGINT HANDLED
SIGINT HANDLED
SIGINT HANDLED
SIGINT HANDLED
SIGINT HANDLED
SIGINT HANDLED
SIGINT HANDLED
SIGINT HANDLED
SIGINT HANDLED
SIGINT HANDLED
SIGINT HANDLED
SIGINT HANDLED
SIGINT HANDLED
SIGINT HANDLED
SIGINT HANDLED
SIGINT HANDLED
SIGINT HANDLED
SIGINT HANDLED
SIGINT HANDLED
SIGINT HANDLED
SIGINT HANDLED
SIGINT HANDLED
SIGINT HANDLED
SIGINT HANDLED
SIGINT HANDLED
SIGINT HANDLED
SIGINT HANDLED
SIGINT HANDLED
SIGINT HANDLED
SIGINT HANDLED
SIGINT HANDLED
SIGINT HANDLED
SIGINT HANDLED
SIGINT HANDLED
Failed to open MiniServerFifo[4988] to write.
Failed to open MiniServerFifo[5127] to write.
Failed to open MiniServerFifo[5189] to write.
SIGINT HANDLED
SIGINT HANDLED
SIGINT HANDLED
SIGINT HANDLED
SIGINT HANDLED
SIGINT HANDLED
SIGINT HANDLED
SIGINT HANDLED
SIGINT HANDLED
SIGINT HANDLED
SIGINT HANDLED
CTRL-C Signal Handled. Server[4551] closed.
SIGINT HANDLED
SIGINT HANDLED
CTRL-C Signal Handled. Server[4596] closed.
SIGINT HANDLED
CTRL-C Signal Handled. Server[4759] closed.
SIGINT HANDLED
SIGINT HANDLED
SIGINT HANDLED
CTRL-C Signal Handled. Server[13578] closed.
CTRL-C Signal Handled. Server[13641] closed.
CTRL-C Signal Handled. Server[13773] closed.
CTRL-C Signal Handled. Server[13872] closed.
CTRL-C Signal Handled. Server[13884] closed.
CTRL-C Signal Handled. Server[13897] closed.
CTRL-C Signal Handled. Server[13990] closed.
CTRL-C Signal Handled. Server[13996] closed.
CTRL-C Signal Handled. Server[13999] closed.
SIGINT HANDLED
CTRL-C Signal Handled. Server[14029] closed.
CTRL-C Signal Handled. Server[14026] closed.
CTRL-C Signal Handled. Server[14019] closed.
CTRL-C Signal Handled. Server[14825] closed.
CTRL-C Signal Handled. Server[15014] closed.
CTRL-C Signal Handled. Server[15008] closed.
CTRL-C Signal Handled. Server[14717] closed.
CTRL-C Signal Handled. Server[15011] closed.
CTRL-C Signal Handled. Server[14971] closed.
CTRL-C Signal Handled. Server[14981] closed.
CTRL-C Signal Handled. Server[14977] closed.
CTRL-C Signal Handled. Server[14984] closed.
CTRL-C Signal Handled. Server[14990] closed.
CTRL-C Signal Handled. Server[14973] closed.
CTRL-C Signal Handled. Server[14959] closed.
SIGINT HANDLED
CTRL-C Signal Handled. Server[14870] closed.
CTRL-C Signal Handled. Server[14966] closed.
CTRL-C Signal Handled. Server[14986] closed.
CTRL-C Signal Handled. Server[14854] closed.
CTRL-C Signal Handled. Server[14997] closed.
CTRL-C Signal Handled. Server[14992] closed.
CTRL-C Signal Handled. Server[14995] closed.
CTRL-C Signal Handled. Server[15005] closed.
CTRL-C Signal Handled. Server[15110] closed.
CTRL-C Signal Handled. Server[15117] closed.
CTRL-C Signal Handled. Server[15139] closed.
CTRL-C Signal Handled. Server[15114] closed.
SIGINT HANDLED
CTRL-C Signal Handled. Server[15246] closed.
CTRL-C Signal Handled. Server[15256] closed.
SIGINT HANDLED
CTRL-C Signal Handled. Server[15281] closed.
CTRL-C Signal Handled. Server[15285] closed.
SIGINT HANDLED
CTRL-C Signal Handled. Server[15657] closed.
CTRL-C Signal Handled. Server[15674] closed.
CTRL-C Signal Handled. Server[15686] closed.
CTRL-C Signal Handled. Server[15691] closed.
CTRL-C Signal Handled. Server[15661] closed.
SIGINT HANDLED
CTRL-C Signal Handled. Server[15985] closed.
CTRL-C Signal Handled. Server[15986] closed.
SIGINT HANDLED
CTRL-C Signal Handled. Mini Server[16282] closed.
CTRL-C Signal Handled. Main Server[16275] closed.
CTRL-C Signal Handled. Mini Server[16283] closed.
CTRL-C Signal Handled. Main Server[16847] closed.
CTRL-C Signal Handled. Mini Server[16857] closed.
CTRL-C Signal Handled. Mini Server[16924] closed.
CTRL-C Signal Handled. Mini Server[16925] closed.
CTRL-C Signal Handled. Main Server[16920] closed.
CTRL-C Signal Handled. Mini Server[17745] closed.
CTRL-C Signal Handled. Main Server[17736] closed.
CTRL-C Signal Handled. Mini Server[17746] closed.
CTRL-C Signal Handled. Mini Server[18669] closed.
CTRL-C Signal Handled. Mini Server[18670] closed.
CTRL-C Signal Handled. Main Server[18665] closed.
CTRL-C Signal Handled. Mini Server[20283] closed.
CTRL-C Signal Handled. Mini Server[20284] closed.
CTRL-C Signal Handled. Main Server[20279] closed.
CTRL-C Signal Handled. Main Server[20385] closed.
CTRL-C Signal Handled. Mini Server[20390] closed.
CTRL-C Signal Handled. Main Server[20566] closed.
CTRL-C Signal Handled. Mini Server[20606] closed.
CTRL-C Signal Handled. Main Server[20600] closed.
CTRL-C Signal Handled. Mini Server[21201] closed.
CTRL-C Signal Handled. Main Server[21192] closed.
CTRL-C Signal Handled. Mini Server[21428] closed.
CTRL-C Signal Handled. Main Server[21422] closed.
CTRL-C Signal Handled. Main Server[21468] closed.
CTRL-C Signal Handled. Mini Server[21475] closed.
CTRL-C Signal Handled. Main Server[5074] closed.
CTRL-C Signal Handled. Main Server[5728] closed.
CTRL-C Signal Handled. Main Server[6150] closed.
CTRL-C Signal Handled. Main Server[6556] closed.
CTRL-C Signal Handled. Main Server[6721] closed.
CTRL-C Signal Handled. Main Server[6872] closed.
CTRL-C Signal Handled. Main Server[7050] closed.
CTRL-C Signal Handled. Main Server[7129] closed.
CTRL-C Signal Handled. Main Server[7629] closed.
CTRL-C Signal Handled. Main Server[7663] closed.
CTRL-C Signal Handled. Mini Server[7865] closed.
CTRL-C Signal Handled. Mini Server[7870] closed.
CTRL-C Signal Handled. Mini Server[7875] closed.
CTRL-C Signal Handled. Mini Server[7882] closed.
CTRL-C Signal Handled. Mini Server[7916] closed.
CTRL-C Signal Handled. Main Server[7856] closed.
CTRL-C Signal Handled. Main Server[8141] closed.
CTRL-C Signal Handled. Main Server[8213] closed.
CTRL-C Signal Handled. Main Server[8290] closed.
CTRL-C Signal Handled. Mini Server[8764] closed.
CTRL-C Signal Handled. Mini Server[8854] closed.
CTRL-C Signal Handled. Mini Server[9076] closed.
CTRL-C Signal Handled. Mini Server[9080] closed.
CTRL-C Signal Handled. Mini Server[9085] closed.
CTRL-C Signal Handled. Mini Server[9091] closed.
CTRL-C Signal Handled. Mini Server[9095] closed.
CTRL-C Signal Handled. Mini Server[9098] closed.
CTRL-C Signal Handled. Mini Server[9100] closed.
CTRL-C Signal Handled. Mini Server[9104] closed.
CTRL-C Signal Handled. Mini Server[9107] closed.
CTRL-C Signal Handled. Main Server[8761] closed.
CTRL-C Signal Handled. Mini Server[9265] closed.
CTRL-C Signal Handled. Mini Server[9374] closed.
CTRL-C Signal Handled. Main Server[9135] closed.
CTRL-C Signal Handled. Mini Server[9429] closed.
CTRL-C Signal Handled. Main Server[9424] closed.
CTRL-C Signal Handled. Mini Server[9577] closed.
CTRL-C Signal Handled. Main Server[9573] closed.
CTRL-C Signal Handled. Mini Server[9849] closed.
CTRL-C Signal Handled. Mini Server[9854] closed.
CTRL-C Signal Handled. Main Server[9845] closed.
CTRL-C Signal Handled. Mini Server[10292] closed.
CTRL-C Signal Handled. Main Server[10288] closed.
CTRL-C Signal Handled. Mini Server[10336] closed.
CTRL-C Signal Handled. Main Server[10332] closed.
CTRL-C Signal Handled. Mini Server[10388] closed.
CTRL-C Signal Handled. Mini Server[10393] closed.
CTRL-C Signal Handled. Mini Server[10397] closed.
CTRL-C Signal Handled. Mini Server[10400] closed.
CTRL-C Signal Handled. Mini Server[10404] closed.
CTRL-C Signal Handled. Mini Server[10407] closed.
CTRL-C Signal Handled. Mini Server[10410] closed.
CTRL-C Signal Handled. Mini Server[10413] closed.
CTRL-C Signal Handled. Mini Server[10416] closed.
CTRL-C Signal Handled. Mini Server[10419] closed.
CTRL-C Signal Handled. Mini Server[10422] closed.
CTRL-C Signal Handled. Main Server[10384] closed.
CTRL-C Signal Handled. Mini Server[10458] closed.
CTRL-C Signal Handled. Mini Server[10502] closed.
CTRL-C Signal Handled. Mini Server[10504] closed.
CTRL-C Signal Handled. Mini Server[10506] closed.
CTRL-C Signal Handled. Main Server[10447] closed.
CTRL-C Signal Handled. Mini Server[10544] closed.
CTRL-C Signal Handled. Mini Server[10546] closed.
CTRL-C Signal Handled. Mini Server[10548] closed.
CTRL-C Signal Handled. Mini Server[10550] closed.
CTRL-C Signal Handled. Mini Server[10552] closed.
CTRL-C Signal Handled. Mini Server[10593] closed.
CTRL-C Signal Handled. Mini Server[10595] closed.
CTRL-C Signal Handled. Mini Server[10597] closed.
CTRL-C Signal Handled. Mini Server[10599] closed.
CTRL-C Signal Handled. Mini Server[10601] closed.
CTRL-C Signal Handled. Main Server[10539] closed.
CTRL-C Signal Handled. Mini Server[15236] closed.
CTRL-C Signal Handled. Mini Server[15238] closed.
CTRL-C Signal Handled. Mini Server[15240] closed.
CTRL-C Signal Handled. Mini Server[15242] closed.
CTRL-C Signal Handled. Mini Server[15244] closed.
CTRL-C Signal Handled. Main Server[15233] closed.
CTRL-C Signal Handled. Mini Server[17088] closed.
CTRL-C Signal Handled. Main Server[17069] closed.
CTRL-C Signal Handled. Mini Server[17235][17239] closed.
CTRL-C Signal Handled. Main Server[17235] closed.
CTRL-C Signal Handled. Mini Server[17330][17333] closed.
CTRL-C Signal Handled. Mini Server[17330][17376] closed.
CTRL-C Signal Handled. Main Server[17330] closed.
CTRL-C Signal Handled. Mini Server[17443][17448] closed.
CTRL-C Signal Handled. Mini Server[17443][17456] closed.
CTRL-C Signal Handled. Mini Server[17443][17459] closed.
CTRL-C Signal Handled. Mini Server[17443][17461] closed.
CTRL-C Signal Handled. Mini Server[17443][17464] closed.
CTRL-C Signal Handled. Mini Server[17443][17466] closed.
CTRL-C Signal Handled. Mini Server[17443][17469] closed.
CTRL-C Signal Handled. Mini Server[17443][17471] closed.
CTRL-C Signal Handled. Mini Server[17443][17473] closed.
CTRL-C Signal Handled. Mini Server[17443][17475] closed.
CTRL-C Signal Handled. Mini Server[17443][17478] closed.
CTRL-C Signal Handled. Main Server[17443] closed.
CTRL-C Signal Handled. Mini Server[17543][17547] closed.
CTRL-C Signal Handled. Mini Server[17622][17626] closed.
CTRL-C Signal Handled. Mini Server[17622][17631] closed.
CTRL-C Signal Handled. Mini Server[17622][17635] closed.
CTRL-C Signal Handled. Mini Server[17622][17644] closed.
CTRL-C Signal Handled. Mini Server[17622][17659] closed.
CTRL-C Signal Handled. Main Server[17622] closed.
CTRL-C Signal Handled. Mini Server[17708][17712] closed.
CTRL-C Signal Handled. Mini Server[17708][17734] closed.
CTRL-C Signal Handled. Mini Server[17708][17740] closed.
CTRL-C Signal Handled. Mini Server[17708][17761] closed.
CTRL-C Signal Handled. Mini Server[17708][17767] closed.
CTRL-C Signal Handled. Mini Server[17708][17779] closed.
CTRL-C Signal Handled. Mini Server[17708][17782] closed.
CTRL-C Signal Handled. Mini Server[17708][17784] closed.
CTRL-C Signal Handled. Mini Server[17708][17787] closed.
CTRL-C Signal Handled. Mini Server[17708][17790] closed.
CTRL-C Signal Handled. Mini Server[17708][17794] closed.
CTRL-C Signal Handled. Mini Server[17708][17797] closed.
CTRL-C Signal Handled. Mini Server[17708][17801] closed.
CTRL-C Signal Handled. Mini Server[17708][17804] closed.
CTRL-C Signal Handled. Mini Server[17708][17806] closed.
CTRL-C Signal Handled. Mini Server[17708][17809] closed.
CTRL-C Signal Handled. Mini Server[17708][17811] closed.
CTRL-C Signal Handled. Mini Server[17708][17814] closed.
CTRL-C Signal Handled. Mini Server[17708][17820] closed.
CTRL-C Signal Handled. Mini Server[17708][17827] closed.
CTRL-C Signal Handled. Mini Server[17708][17833] closed.
CTRL-C Signal Handled. Mini Server[17708][17839] closed.
CTRL-C Signal Handled. Mini Server[17708][17845] closed.
CTRL-C Signal Handled. Mini Server[17708][17851] closed.
CTRL-C Signal Handled. Mini Server[17708][17857] closed.
CTRL-C Signal Handled. Mini Server[17708][17863] closed.
CTRL-C Signal Handled. Mini Server[17708][17869] closed.
CTRL-C Signal Handled. Mini Server[17708][17875] closed.
CTRL-C Signal Handled. Mini Server[17708][17902] closed.
CTRL-C Signal Handled. Mini Server[17708][17908] closed.
CTRL-C Signal Handled. Mini Server[17708][17914] closed.
CTRL-C Signal Handled. Mini Server[17708][17920] closed.
CTRL-C Signal Handled. Mini Server[17708][17927] closed.
CTRL-C Signal Handled. Mini Server[17708][17933] closed.
CTRL-C Signal Handled. Mini Server[17708][17940] closed.
CTRL-C Signal Handled. Main Server[17708] closed.
CTRL-C Signal Handled. Mini Server[18055][18068] closed.
CTRL-C Signal Handled. Main Server[18055] closed.
CTRL-C Signal Handled. Mini Server[18055][18083] closed.
CTRL-C Signal Handled. Mini Server[18055][18121] closed.
CTRL-C Signal Handled. Mini Server[19348][19353] closed.
CTRL-C Signal Handled. Main Server[19348] closed.
CTRL-C Signal Handled. Mini Server[19614][19621] closed.
CTRL-C Signal Handled. Mini Server[19614][19625] closed.
CTRL-C Signal Handled. Mini Server[19614][19629] closed.
CTRL-C Signal Handled. Mini Server[19614][19633] closed.
CTRL-C Signal Handled. Mini Server[19614][19637] closed.
CTRL-C Signal Handled. Mini Server[19614][19643] closed.
CTRL-C Signal Handled. Mini Server[19614][19647] closed.
CTRL-C Signal Handled. Mini Server[19614][19651] closed.
CTRL-C Signal Handled. Mini Server[19614][19655] closed.
CTRL-C Signal Handled. Mini Server[19614][19659] closed.
CTRL-C Signal Handled. Main Server[19614] closed.
CTRL-C Signal Handled. Main Server[21062] closed.
CTRL-C Signal Handled. Mini Server[21080][21103] closed.
CTRL-C Signal Handled. Mini Server[21080][21111] closed.
CTRL-C Signal Handled. Mini Server[21080][21109] closed.
CTRL-C Signal Handled. Mini Server[21080][21110] closed.
CTRL-C Signal Handled. Mini Server[21080][21115] closed.
CTRL-C Signal Handled. Mini Server[21080][21114] closed.
CTRL-C Signal Handled. Mini Server[21080][21113] closed.
CTRL-C Signal Handled. Mini Server[21080][21116] closed.
CTRL-C Signal Handled. Mini Server[21080][21118] closed.
CTRL-C Signal Handled. Mini Server[21080][21117] closed.
CTRL-C Signal Handled. Mini Server[21080][21112] closed.
CTRL-C Signal Handled. Mini Server[21080][21119] closed.
CTRL-C Signal Handled. Mini Server[21080][21392] closed.
CTRL-C Signal Handled. Mini Server[21080][21394] closed.
CTRL-C Signal Handled. Mini Server[21080][21397] closed.
CTRL-C Signal Handled. Mini Server[21080][21400] closed.
CTRL-C Signal Handled. Mini Server[21080][21398] closed.
CTRL-C Signal Handled. Mini Server[21080][21401] closed.
CTRL-C Signal Handled. Mini Server[21080][21399] closed.
CTRL-C Signal Handled. Mini Server[21080][21402] closed.
CTRL-C Signal Handled. Mini Server[21080][21403] closed.
CTRL-C Signal Handled. Mini Server[21080][21406] closed.
CTRL-C Signal Handled. Mini Server[21080][21407] closed.
CTRL-C Signal Handled. Mini Server[21080][21408] closed.
CTRL-C Signal Handled. Main Server[21080] closed.
CTRL-C Signal Handled. Mini Server[21461][21469] closed.
CTRL-C Signal Handled. Mini Server[21461][21473] closed.
CTRL-C Signal Handled. Mini Server[21461][21479] closed.
CTRL-C Signal Handled. Mini Server[21461][21480] closed.
CTRL-C Signal Handled. Mini Server[21461][21481] closed.
CTRL-C Signal Handled. Mini Server[21461][21478] closed.
CTRL-C Signal Handled. Mini Server[21461][21482] closed.
CTRL-C Signal Handled. Mini Server[21461][21485] closed.
CTRL-C Signal Handled. Mini Server[21461][21484] closed.
CTRL-C Signal Handled. Mini Server[21461][21483] closed.
CTRL-C Signal Handled. Mini Server[21461][21487] closed.
CTRL-C Signal Handled. Mini Server[21461][21486] closed.
CTRL-C Signal Handled. Main Server[21461] closed.
CTRL-C Signal Handled. Main Server[25484] closed.
CTRL-C Signal Handled. Mini Server[25484][25491] closed.
CTRL-C Signal Handled. Mini Server[25557][25562] closed.
CTRL-C Signal Handled. Main Server[25557] closed.
CTRL-C Signal Handled. Mini Server[25786][25792] closed.
CTRL-C Signal Handled. Main Server[25786] closed.
CTRL-C Signal Handled. Mini Server[25989][25995] closed.
CTRL-C Signal Handled. Main Server[25989] closed.
CTRL-C Signal Handled. Mini Server[27120][27126] closed.
CTRL-C Signal Handled. Main Server[27120] closed.
CTRL-C Signal Handled. Main Server[28067] closed.
CTRL-Z Signal Handled. Mini Server[28419][28422] closed.
CTRL-Z Signal Handled. Mini Server[28419][28422] closed.
CTRL-C Signal Handled. Mini Server[28419][28422] closed.
CTRL-C Signal Handled. Main Server[28419] closed.
CTRL-Z Signal Handled. Mini Server[28481][28487] closed.
CTRL-C Signal Handled. Main Server[28481] closed.
CTRL-C Signal Handled. Mini Server[32424][32429] closed.
CTRL-C Signal Handled. Mini Server[32424][32443] closed.
CTRL-C Signal Handled. Main Server[32424] closed.
CTRL-C Signal Handled. Main Server[344] closed.
SIGTERM Signal Handled. Mini Server[1853][1860] closed.
CTRL-C Signal Handled. Main Server[1853] closed.
SIGTERM Signal Handled. Mini Server[2040][2045] closed.
CTRL-C Signal Handled. Main Server[2040] closed.
SIGTERM Signal Handled. Mini Server[2107][2112] closed.
SIGTERM Signal Handled. Mini Server[2107][2142] closed.
CTRL-C Signal Handled. Main Server[2107] closed.
SIGTERM Signal Handled. Mini Server[2431][2435] closed.
CTRL-C Signal Handled. Main Server[2431] closed.
CTRL-C Signal Handled. Mini Server[2606][2611] closed.
CTRL-C Signal Handled. Main Server[2606] closed.
CTRL-Z Signal Handled. Mini Server[3220][3231] closed.
CTRL-C Signal Handled. Main Server[3220] closed.
SIGQUIT Signal Handled. Mini Server[3356][3363] closed.
SIGQUIT Signal Handled. Main Server[3356] closed.
CTRL-Z Signal Handled. Mini Server[3545][3550] closed.
CTRL-C Signal Handled. Main Server[3545] closed.
